Started at Sun Jul 10 04:37:18 UTC 2022
Processing louis-2
Offering louis-2 to Project Build Discarder
Processing louis-dev
Offering louis-dev to Project Build Discarder
Finished at Sun Jul 10 04:37:18 UTC 2022. 61ms
Started at Sun Jul 10 05:44:06 UTC 2022
Processing louis-2
Offering louis-2 to Project Build Discarder
Processing louis-dev
Offering louis-dev to Project Build Discarder
Finished at Sun Jul 10 05:44:06 UTC 2022. 32ms
Started at Sun Jul 10 06:57:44 UTC 2022
Processing louis-2
Offering louis-2 to Project Build Discarder
Processing louis-dev
Offering louis-dev to Project Build Discarder
Finished at Sun Jul 10 06:57:44 UTC 2022. 35ms
Started at Sun Jul 10 08:36:28 UTC 2022
Processing louis-2
Offering louis-2 to Project Build Discarder
Processing louis-dev
Offering louis-dev to Project Build Discarder
Finished at Sun Jul 10 08:36:28 UTC 2022. 34ms
Started at Sun Jul 10 09:36:28 UTC 2022
Processing louis-2
Offering louis-2 to Project Build Discarder
Processing louis-dev
Offering louis-dev to Project Build Discarder
Finished at Sun Jul 10 09:36:28 UTC 2022. 31ms
Started at Sun Jul 10 13:12:13 UTC 2022
Processing louis-2
Offering louis-2 to Project Build Discarder
Processing louis-dev
Offering louis-dev to Project Build Discarder
Finished at Sun Jul 10 13:12:13 UTC 2022. 34ms
Started at Sun Jul 10 14:50:12 UTC 2022
Processing louis-2
Offering louis-2 to Project Build Discarder
Processing louis-dev
Offering louis-dev to Project Build Discarder
Finished at Sun Jul 10 14:50:12 UTC 2022. 37ms
Started at Mon Jul 11 01:19:47 UTC 2022
Processing louis-2
Offering louis-2 to Project Build Discarder
Processing louis-dev
Offering louis-dev to Project Build Discarder
Finished at Mon Jul 11 01:19:47 UTC 2022. 39ms
Started at Mon Jul 11 02:19:48 UTC 2022
Processing louis-2
Offering louis-2 to Project Build Discarder
Processing louis-dev
Offering louis-dev to Project Build Discarder
Finished at Mon Jul 11 02:19:48 UTC 2022. 38ms
